Flow report for dac_top_level
Fri Jan 12 16:51:54 2024
Quartus Prime Version 16.1.0 Build 196 10/24/2016 SJ Lite Edition


---------------------
; Table of Contents ;
---------------------
  1. Legal Notice
  2. Flow Summary
  3. Flow Settings
  4. Flow Non-Default Global Settings
  5. Flow Elapsed Time
  6. Flow OS Summary
  7. Flow Log
  8. Flow Messages
  9. Flow Suppressed Messages



----------------
; Legal Notice ;
----------------
Copyright (C) 2016  Intel Corporation. All rights reserved.
Your use of Intel Corporation's design tools, logic functions 
and other software and tools, and its AMPP partner logic 
functions, and any output files from any of the foregoing 
(including device programming or simulation files), and any 
associated documentation or information are expressly subject 
to the terms and conditions of the Intel Program License 
Subscription Agreement, the Intel Quartus Prime License Agreement,
the Intel MegaCore Function License Agreement, or other 
applicable license agreement, including, without limitation, 
that your use is for the sole purpose of programming logic 
devices manufactured by Intel and sold by Intel or its 
authorized distributors.  Please refer to the applicable 
agreement for further details.



+-------------------------------------------------------------------------------+
; Flow Summary                                                                  ;
+---------------------------------+---------------------------------------------+
; Flow Status                     ; Successful - Fri Jan 12 16:51:43 2024       ;
; Quartus Prime Version           ; 16.1.0 Build 196 10/24/2016 SJ Lite Edition ;
; Revision Name                   ; dac_top_level                               ;
; Top-level Entity Name           ; top_level_dac                               ;
; Family                          ; Cyclone V                                   ;
; Device                          ; 5CSEMA5F31C6                                ;
; Timing Models                   ; Final                                       ;
; Logic utilization (in ALMs)     ; 817 / 32,070 ( 3 % )                        ;
; Total registers                 ; 1143                                        ;
; Total pins                      ; 19 / 457 ( 4 % )                            ;
; Total virtual pins              ; 0                                           ;
; Total block memory bits         ; 44,032 / 4,065,280 ( 1 % )                  ;
; Total DSP Blocks                ; 0 / 87 ( 0 % )                              ;
; Total HSSI RX PCSs              ; 0                                           ;
; Total HSSI PMA RX Deserializers ; 0                                           ;
; Total HSSI TX PCSs              ; 0                                           ;
; Total HSSI PMA TX Serializers   ; 0                                           ;
; Total PLLs                      ; 0 / 6 ( 0 % )                               ;
; Total DLLs                      ; 0 / 4 ( 0 % )                               ;
+---------------------------------+---------------------------------------------+


+-----------------------------------------+
; Flow Settings                           ;
+-------------------+---------------------+
; Option            ; Setting             ;
+-------------------+---------------------+
; Start date & time ; 01/12/2024 16:49:30 ;
; Main task         ; Compilation         ;
; Revision Name     ; dac_top_level       ;
+-------------------+---------------------+


+---------------------------------------------------------------------------------------------------------------------------------------------------+
; Flow Non-Default Global Settings                                                                                                                  ;
+-------------------------------------+----------------------------------------------------------------+---------------+---------------+------------+
; Assignment Name                     ; Value                                                          ; Default Value ; Entity Name   ; Section Id ;
+-------------------------------------+----------------------------------------------------------------+---------------+---------------+------------+
; COMPILER_SIGNATURE_ID               ; 91764525506.170507457019616                                    ; --            ; --            ; --         ;
; MAX_CORE_JUNCTION_TEMP              ; 85                                                             ; --            ; --            ; --         ;
; MIN_CORE_JUNCTION_TEMP              ; 0                                                              ; --            ; --            ; --         ;
; MISC_FILE                           ; da_converter/synthesis/../da_converter.cmp                     ; --            ; --            ; --         ;
; MISC_FILE                           ; da_converter/synthesis/../../da_converter.qsys                 ; --            ; --            ; --         ;
; PARTITION_COLOR                     ; -- (Not supported for targeted family)                         ; --            ; top_level_dac ; Top        ;
; PARTITION_FITTER_PRESERVATION_LEVEL ; -- (Not supported for targeted family)                         ; --            ; top_level_dac ; Top        ;
; PARTITION_NETLIST_TYPE              ; -- (Not supported for targeted family)                         ; --            ; top_level_dac ; Top        ;
; POWER_BOARD_THERMAL_MODEL           ; None (CONSERVATIVE)                                            ; --            ; --            ; --         ;
; POWER_PRESET_COOLING_SOLUTION       ; 23 MM HEAT SINK WITH 200 LFPM AIRFLOW                          ; --            ; --            ; --         ;
; PROJECT_OUTPUT_DIRECTORY            ; output_files                                                   ; --            ; --            ; --         ;
; SLD_FILE                            ; da_converter/synthesis/da_converter.regmap                     ; --            ; --            ; --         ;
; SLD_FILE                            ; da_converter/synthesis/da_converter.debuginfo                  ; --            ; --            ; --         ;
; SLD_INFO                            ; QSYS_NAME da_converter HAS_SOPCINFO 1 GENERATION_ID 1705070159 ; --            ; da_converter  ; --         ;
; SOPCINFO_FILE                       ; da_converter/synthesis/../../da_converter.sopcinfo             ; --            ; --            ; --         ;
; SYNTHESIS_ONLY_QIP                  ; On                                                             ; --            ; --            ; --         ;
; TOP_LEVEL_ENTITY                    ; top_level_dac                                                  ; dac_top_level ; --            ; --         ;
+-------------------------------------+----------------------------------------------------------------+---------------+---------------+------------+


+-------------------------------------------------------------------------------------------------------------------------------+
; Flow Elapsed Time                                                                                                             ;
+---------------------------+--------------+-------------------------+---------------------+------------------------------------+
; Module Name               ; Elapsed Time ; Average Processors Used ; Peak Virtual Memory ; Total CPU Time (on all processors) ;
+---------------------------+--------------+-------------------------+---------------------+------------------------------------+
; Analysis & Synthesis      ; 00:00:42     ; 1.0                     ; 5024 MB             ; 00:00:32                           ;
; Fitter                    ; 00:01:19     ; 1.1                     ; 7204 MB             ; 00:00:52                           ;
; Assembler                 ; 00:00:06     ; 1.0                     ; 4849 MB             ; 00:00:03                           ;
; TimeQuest Timing Analyzer ; 00:00:10     ; 1.5                     ; 5270 MB             ; 00:00:06                           ;
; Total                     ; 00:02:17     ; --                      ; --                  ; 00:01:33                           ;
+---------------------------+--------------+-------------------------+---------------------+------------------------------------+


+-----------------------------------------------------------------------------------------+
; Flow OS Summary                                                                         ;
+---------------------------+------------------+------------+------------+----------------+
; Module Name               ; Machine Hostname ; OS Name    ; OS Version ; Processor type ;
+---------------------------+------------------+------------+------------+----------------+
; Analysis & Synthesis      ; MSI              ; Windows 10 ; 10.0       ; x86_64         ;
; Fitter                    ; MSI              ; Windows 10 ; 10.0       ; x86_64         ;
; Assembler                 ; MSI              ; Windows 10 ; 10.0       ; x86_64         ;
; TimeQuest Timing Analyzer ; MSI              ; Windows 10 ; 10.0       ; x86_64         ;
+---------------------------+------------------+------------+------------+----------------+


------------
; Flow Log ;
------------
quartus_map --read_settings_files=on --write_settings_files=off dac_top_level -c dac_top_level
quartus_fit --read_settings_files=off --write_settings_files=off dac_top_level -c dac_top_level
quartus_asm --read_settings_files=off --write_settings_files=off dac_top_level -c dac_top_level
quartus_sta dac_top_level -c dac_top_level



