Analysis & Synthesis report for PWM_da_conversion
Tue Jan 02 17:31:04 2024
Quartus Prime Version 16.1.0 Build 196 10/24/2016 SJ Lite Edition


---------------------
; Table of Contents ;
---------------------
  1. Legal Notice
  2. Analysis & Synthesis Summary
  3. Analysis & Synthesis Settings
  4. Parallel Compilation
  5. Analysis & Synthesis Source Files Read
  6. Analysis & Synthesis Resource Usage Summary
  7. Analysis & Synthesis Resource Utilization by Entity
  8. General Register Statistics
  9. Inverted Register Statistics
 10. Multiplexer Restructuring Statistics (Restructuring Performed)
 11. Parameter Settings for User Entity Instance: Top-level Entity: |PWM_da_conversion
 12. Parameter Settings for User Entity Instance: UD_counter:D_CNT
 13. Parameter Settings for User Entity Instance: UD_counter:N_CNT
 14. Port Connectivity Checks: "UD_counter:N_CNT"
 15. Port Connectivity Checks: "UD_counter:D_CNT"
 16. Post-Synthesis Netlist Statistics for Top Partition
 17. Elapsed Time Per Partition
 18. Analysis & Synthesis Messages



----------------
; Legal Notice ;
----------------
Copyright (C) 2016  Intel Corporation. All rights reserved.
Your use of Intel Corporation's design tools, logic functions 
and other software and tools, and its AMPP partner logic 
functions, and any output files from any of the foregoing 
(including device programming or simulation files), and any 
associated documentation or information are expressly subject 
to the terms and conditions of the Intel Program License 
Subscription Agreement, the Intel Quartus Prime License Agreement,
the Intel MegaCore Function License Agreement, or other 
applicable license agreement, including, without limitation, 
that your use is for the sole purpose of programming logic 
devices manufactured by Intel and sold by Intel or its 
authorized distributors.  Please refer to the applicable 
agreement for further details.



+-------------------------------------------------------------------------------+
; Analysis & Synthesis Summary                                                  ;
+---------------------------------+---------------------------------------------+
; Analysis & Synthesis Status     ; Successful - Tue Jan 02 17:31:04 2024       ;
; Quartus Prime Version           ; 16.1.0 Build 196 10/24/2016 SJ Lite Edition ;
; Revision Name                   ; PWM_da_conversion                           ;
; Top-level Entity Name           ; PWM_da_conversion                           ;
; Family                          ; Cyclone V                                   ;
; Logic utilization (in ALMs)     ; N/A                                         ;
; Total registers                 ; 17                                          ;
; Total pins                      ; 30                                          ;
; Total virtual pins              ; 0                                           ;
; Total block memory bits         ; 0                                           ;
; Total DSP Blocks                ; 0                                           ;
; Total HSSI RX PCSs              ; 0                                           ;
; Total HSSI PMA RX Deserializers ; 0                                           ;
; Total HSSI TX PCSs              ; 0                                           ;
; Total HSSI PMA TX Serializers   ; 0                                           ;
; Total PLLs                      ; 0                                           ;
; Total DLLs                      ; 0                                           ;
+---------------------------------+---------------------------------------------+


+---------------------------------------------------------------------------------------------------------------------------+
; Analysis & Synthesis Settings                                                                                             ;
+---------------------------------------------------------------------------------+--------------------+--------------------+
; Option                                                                          ; Setting            ; Default Value      ;
+---------------------------------------------------------------------------------+--------------------+--------------------+
; Device                                                                          ; 5CSEMA5F31C6       ;                    ;
; Top-level entity name                                                           ; PWM_da_conversion  ; PWM_da_conversion  ;
; Family name                                                                     ; Cyclone V          ; Cyclone V          ;
; Use smart compilation                                                           ; Off                ; Off                ;
; Enable parallel Assembler and TimeQuest Timing Analyzer during compilation      ; On                 ; On                 ;
; Enable compact report table                                                     ; Off                ; Off                ;
; Restructure Multiplexers                                                        ; Auto               ; Auto               ;
; MLAB Add Timing Constraints For Mixed-Port Feed-Through Mode Setting Don't Care ; Off                ; Off                ;
; Create Debugging Nodes for IP Cores                                             ; Off                ; Off                ;
; Preserve fewer node names                                                       ; On                 ; On                 ;
; OpenCore Plus hardware evaluation                                               ; Enable             ; Enable             ;
; Verilog Version                                                                 ; Verilog_2001       ; Verilog_2001       ;
; VHDL Version                                                                    ; VHDL_1993          ; VHDL_1993          ;
; State Machine Processing                                                        ; Auto               ; Auto               ;
; Safe State Machine                                                              ; Off                ; Off                ;
; Extract Verilog State Machines                                                  ; On                 ; On                 ;
; Extract VHDL State Machines                                                     ; On                 ; On                 ;
; Ignore Verilog initial constructs                                               ; Off                ; Off                ;
; Iteration limit for constant Verilog loops                                      ; 5000               ; 5000               ;
; Iteration limit for non-constant Verilog loops                                  ; 250                ; 250                ;
; Add Pass-Through Logic to Inferred RAMs                                         ; On                 ; On                 ;
; Infer RAMs from Raw Logic                                                       ; On                 ; On                 ;
; Parallel Synthesis                                                              ; On                 ; On                 ;
; DSP Block Balancing                                                             ; Auto               ; Auto               ;
; NOT Gate Push-Back                                                              ; On                 ; On                 ;
; Power-Up Don't Care                                                             ; On                 ; On                 ;
; Remove Redundant Logic Cells                                                    ; Off                ; Off                ;
; Remove Duplicate Registers                                                      ; On                 ; On                 ;
; Ignore CARRY Buffers                                                            ; Off                ; Off                ;
; Ignore CASCADE Buffers                                                          ; Off                ; Off                ;
; Ignore GLOBAL Buffers                                                           ; Off                ; Off                ;
; Ignore ROW GLOBAL Buffers                                                       ; Off                ; Off                ;
; Ignore LCELL Buffers                                                            ; Off                ; Off                ;
; Ignore SOFT Buffers                                                             ; On                 ; On                 ;
; Limit AHDL Integers to 32 Bits                                                  ; Off                ; Off                ;
; Optimization Technique                                                          ; Balanced           ; Balanced           ;
; Carry Chain Length                                                              ; 70                 ; 70                 ;
; Auto Carry Chains                                                               ; On                 ; On                 ;
; Auto Open-Drain Pins                                                            ; On                 ; On                 ;
; Perform WYSIWYG Primitive Resynthesis                                           ; Off                ; Off                ;
; Auto ROM Replacement                                                            ; On                 ; On                 ;
; Auto RAM Replacement                                                            ; On                 ; On                 ;
; Auto DSP Block Replacement                                                      ; On                 ; On                 ;
; Auto Shift Register Replacement                                                 ; Auto               ; Auto               ;
; Allow Shift Register Merging across Hierarchies                                 ; Auto               ; Auto               ;
; Auto Clock Enable Replacement                                                   ; On                 ; On                 ;
; Strict RAM Replacement                                                          ; Off                ; Off                ;
; Allow Synchronous Control Signals                                               ; On                 ; On                 ;
; Force Use of Synchronous Clear Signals                                          ; Off                ; Off                ;
; Auto Resource Sharing                                                           ; Off                ; Off                ;
; Allow Any RAM Size For Recognition                                              ; Off                ; Off                ;
; Allow Any ROM Size For Recognition                                              ; Off                ; Off                ;
; Allow Any Shift Register Size For Recognition                                   ; Off                ; Off                ;
; Use LogicLock Constraints during Resource Balancing                             ; On                 ; On                 ;
; Ignore translate_off and synthesis_off directives                               ; Off                ; Off                ;
; Timing-Driven Synthesis                                                         ; On                 ; On                 ;
; Report Parameter Settings                                                       ; On                 ; On                 ;
; Report Source Assignments                                                       ; On                 ; On                 ;
; Report Connectivity Checks                                                      ; On                 ; On                 ;
; Ignore Maximum Fan-Out Assignments                                              ; Off                ; Off                ;
; Synchronization Register Chain Length                                           ; 3                  ; 3                  ;
; PowerPlay Power Optimization During Synthesis                                   ; Normal compilation ; Normal compilation ;
; HDL message level                                                               ; Level2             ; Level2             ;
; Suppress Register Optimization Related Messages                                 ; Off                ; Off                ;
; Number of Removed Registers Reported in Synthesis Report                        ; 5000               ; 5000               ;
; Number of Swept Nodes Reported in Synthesis Report                              ; 5000               ; 5000               ;
; Number of Inverted Registers Reported in Synthesis Report                       ; 100                ; 100                ;
; Clock MUX Protection                                                            ; On                 ; On                 ;
; Auto Gated Clock Conversion                                                     ; Off                ; Off                ;
; Block Design Naming                                                             ; Auto               ; Auto               ;
; SDC constraint protection                                                       ; Off                ; Off                ;
; Synthesis Effort                                                                ; Auto               ; Auto               ;
; Shift Register Replacement - Allow Asynchronous Clear Signal                    ; On                 ; On                 ;
; Pre-Mapping Resynthesis Optimization                                            ; Off                ; Off                ;
; Analysis & Synthesis Message Level                                              ; Medium             ; Medium             ;
; Disable Register Merging Across Hierarchies                                     ; Auto               ; Auto               ;
; Resource Aware Inference For Block RAM                                          ; On                 ; On                 ;
; Automatic Parallel Synthesis                                                    ; On                 ; On                 ;
; Partial Reconfiguration Bitstream ID                                            ; Off                ; Off                ;
+---------------------------------------------------------------------------------+--------------------+--------------------+


+------------------------------------------+
; Parallel Compilation                     ;
+----------------------------+-------------+
; Processors                 ; Number      ;
+----------------------------+-------------+
; Number detected on machine ; 16          ;
; Maximum allowed            ; 10          ;
;                            ;             ;
; Average used               ; 1.00        ;
; Maximum used               ; 10          ;
;                            ;             ;
; Usage by Processor         ; % Time Used ;
;     Processor 1            ; 100.0%      ;
;     Processor 2            ;   0.0%      ;
;     Processors 3-10        ;   0.0%      ;
+----------------------------+-------------+


+----------------------------------------------------------------------------------------------------------------------------------------------------------------------------------------------------+
; Analysis & Synthesis Source Files Read                                                                                                                                                             ;
+----------------------------------+-----------------+-----------------+-------------------------------------------------------------------------------------------------------------------+---------+
; File Name with User-Entered Path ; Used in Netlist ; File Type       ; File Name with Absolute Path                                                                                      ; Library ;
+----------------------------------+-----------------+-----------------+-------------------------------------------------------------------------------------------------------------------+---------+
; UD_counter.vhd                   ; yes             ; User VHDL File  ; C:/Users/maxgi/Dropbox (Politecnico Di Torino Studenti)/uni/magistrale/de/lab6/da_converter/UD_counter.vhd        ;         ;
; PWM_da_conversion.vhd            ; yes             ; User VHDL File  ; C:/Users/maxgi/Dropbox (Politecnico Di Torino Studenti)/uni/magistrale/de/lab6/da_converter/PWM_da_conversion.vhd ;         ;
+----------------------------------+-----------------+-----------------+-------------------------------------------------------------------------------------------------------------------+---------+


+------------------------------------------------------------+
; Analysis & Synthesis Resource Usage Summary                ;
+---------------------------------------------+--------------+
; Resource                                    ; Usage        ;
+---------------------------------------------+--------------+
; Estimate of Logic utilization (ALMs needed) ; 35           ;
;                                             ;              ;
; Combinational ALUT usage for logic          ; 61           ;
;     -- 7 input functions                    ; 0            ;
;     -- 6 input functions                    ; 8            ;
;     -- 5 input functions                    ; 3            ;
;     -- 4 input functions                    ; 18           ;
;     -- <=3 input functions                  ; 32           ;
;                                             ;              ;
; Dedicated logic registers                   ; 17           ;
;                                             ;              ;
; I/O pins                                    ; 30           ;
;                                             ;              ;
; Total DSP Blocks                            ; 0            ;
;                                             ;              ;
; Maximum fan-out node                        ; A_RSTn~input ;
; Maximum fan-out                             ; 33           ;
; Total fan-out                               ; 298          ;
; Average fan-out                             ; 2.16         ;
+---------------------------------------------+--------------+


+--------------------------------------------------------------------------------------------------------------------------------------------------------------------------------------------------------------+
; Analysis & Synthesis Resource Utilization by Entity                                                                                                                                                          ;
+----------------------------+---------------------+---------------------------+-------------------+------------+------+--------------+-------------------------------------+-------------------+--------------+
; Compilation Hierarchy Node ; Combinational ALUTs ; Dedicated Logic Registers ; Block Memory Bits ; DSP Blocks ; Pins ; Virtual Pins ; Full Hierarchy Name                 ; Entity Name       ; Library Name ;
+----------------------------+---------------------+---------------------------+-------------------+------------+------+--------------+-------------------------------------+-------------------+--------------+
; |PWM_da_conversion         ; 61 (4)              ; 17 (1)                    ; 0                 ; 0          ; 30   ; 0            ; |PWM_da_conversion                  ; PWM_da_conversion ; work         ;
;    |UD_counter:D_CNT|      ; 41 (41)             ; 8 (8)                     ; 0                 ; 0          ; 0    ; 0            ; |PWM_da_conversion|UD_counter:D_CNT ; UD_counter        ; work         ;
;    |UD_counter:N_CNT|      ; 16 (16)             ; 8 (8)                     ; 0                 ; 0          ; 0    ; 0            ; |PWM_da_conversion|UD_counter:N_CNT ; UD_counter        ; work         ;
+----------------------------+---------------------+---------------------------+-------------------+------------+------+--------------+-------------------------------------+-------------------+--------------+
Note: For table entries with two numbers listed, the numbers in parentheses indicate the number of resources of the given type used by the specific entity alone. The numbers listed outside of parentheses indicate the total resources of the given type used by the specific entity and all of its sub-entities in the hierarchy.


+------------------------------------------------------+
; General Register Statistics                          ;
+----------------------------------------------+-------+
; Statistic                                    ; Value ;
+----------------------------------------------+-------+
; Total registers                              ; 17    ;
; Number of registers using Synchronous Clear  ; 0     ;
; Number of registers using Synchronous Load   ; 0     ;
; Number of registers using Asynchronous Clear ; 16    ;
; Number of registers using Asynchronous Load  ; 0     ;
; Number of registers using Clock Enable       ; 1     ;
; Number of registers using Preset             ; 0     ;
+----------------------------------------------+-------+


+--------------------------------------------------+
; Inverted Register Statistics                     ;
+----------------------------------------+---------+
; Inverted Register                      ; Fan out ;
+----------------------------------------+---------+
; UD_counter:N_CNT|OVALUE[0]             ; 4       ;
; UD_counter:N_CNT|OVALUE[1]             ; 3       ;
; UD_counter:N_CNT|OVALUE[2]             ; 3       ;
; UD_counter:N_CNT|OVALUE[3]             ; 3       ;
; UD_counter:N_CNT|OVALUE[4]             ; 3       ;
; UD_counter:N_CNT|OVALUE[5]             ; 3       ;
; UD_counter:N_CNT|OVALUE[6]             ; 3       ;
; UD_counter:N_CNT|OVALUE[7]             ; 3       ;
; Total number of inverted registers = 8 ;         ;
+----------------------------------------+---------+


+-------------------------------------------------------------------------------------------------------------------------------------------------------------+
; Multiplexer Restructuring Statistics (Restructuring Performed)                                                                                              ;
+--------------------+-----------+---------------+----------------------+------------------------+------------+-----------------------------------------------+
; Multiplexer Inputs ; Bus Width ; Baseline Area ; Area if Restructured ; Saving if Restructured ; Registered ; Example Multiplexer Output                    ;
+--------------------+-----------+---------------+----------------------+------------------------+------------+-----------------------------------------------+
; 3:1                ; 8 bits    ; 16 LEs        ; 8 LEs                ; 8 LEs                  ; Yes        ; |PWM_da_conversion|UD_counter:D_CNT|OVALUE[0] ;
+--------------------+-----------+---------------+----------------------+------------------------+------------+-----------------------------------------------+


+-----------------------------------------------------------------------------------+
; Parameter Settings for User Entity Instance: Top-level Entity: |PWM_da_conversion ;
+----------------+-------+----------------------------------------------------------+
; Parameter Name ; Value ; Type                                                     ;
+----------------+-------+----------------------------------------------------------+
; N              ; 8     ; Signed Integer                                           ;
+----------------+-------+----------------------------------------------------------+
Note: In order to hide this table in the UI and the text report file, please set the "Show Parameter Settings in Synthesis Report" option in "Analysis and Synthesis Settings -> More Settings" to "Off".


+---------------------------------------------------------------+
; Parameter Settings for User Entity Instance: UD_counter:D_CNT ;
+----------------+-------+--------------------------------------+
; Parameter Name ; Value ; Type                                 ;
+----------------+-------+--------------------------------------+
; n              ; 8     ; Signed Integer                       ;
+----------------+-------+--------------------------------------+
Note: In order to hide this table in the UI and the text report file, please set the "Show Parameter Settings in Synthesis Report" option in "Analysis and Synthesis Settings -> More Settings" to "Off".


+---------------------------------------------------------------+
; Parameter Settings for User Entity Instance: UD_counter:N_CNT ;
+----------------+-------+--------------------------------------+
; Parameter Name ; Value ; Type                                 ;
+----------------+-------+--------------------------------------+
; n              ; 8     ; Signed Integer                       ;
+----------------+-------+--------------------------------------+
Note: In order to hide this table in the UI and the text report file, please set the "Show Parameter Settings in Synthesis Report" option in "Analysis and Synthesis Settings -> More Settings" to "Off".


+----------------------------------------------+
; Port Connectivity Checks: "UD_counter:N_CNT" ;
+----------+-------+----------+----------------+
; Port     ; Type  ; Severity ; Details        ;
+----------+-------+----------+----------------+
; en       ; Input ; Info     ; Stuck at VCC   ;
; udn      ; Input ; Info     ; Stuck at GND   ;
; init_val ; Input ; Info     ; Stuck at VCC   ;
+----------+-------+----------+----------------+


+----------------------------------------------+
; Port Connectivity Checks: "UD_counter:D_CNT" ;
+------+-------+----------+--------------------+
; Port ; Type  ; Severity ; Details            ;
+------+-------+----------+--------------------+
; udn  ; Input ; Info     ; Stuck at GND       ;
+------+-------+----------+--------------------+


+-----------------------------------------------------+
; Post-Synthesis Netlist Statistics for Top Partition ;
+-----------------------+-----------------------------+
; Type                  ; Count                       ;
+-----------------------+-----------------------------+
; arriav_ff             ; 17                          ;
;     CLR               ; 16                          ;
;     ENA               ; 1                           ;
; arriav_lcell_comb     ; 69                          ;
;     arith             ; 16                          ;
;         1 data inputs ; 16                          ;
;     normal            ; 53                          ;
;         1 data inputs ; 16                          ;
;         3 data inputs ; 8                           ;
;         4 data inputs ; 18                          ;
;         5 data inputs ; 3                           ;
;         6 data inputs ; 8                           ;
; boundary_port         ; 30                          ;
;                       ;                             ;
; Max LUT depth         ; 4.70                        ;
; Average LUT depth     ; 3.32                        ;
+-----------------------+-----------------------------+


+-------------------------------+
; Elapsed Time Per Partition    ;
+----------------+--------------+
; Partition Name ; Elapsed Time ;
+----------------+--------------+
; Top            ; 00:00:00     ;
+----------------+--------------+


+-------------------------------+
; Analysis & Synthesis Messages ;
+-------------------------------+
Info: *******************************************************************
Info: Running Quartus Prime Analysis & Synthesis
    Info: Version 16.1.0 Build 196 10/24/2016 SJ Lite Edition
    Info: Processing started: Tue Jan 02 17:30:55 2024
Info: Command: quartus_map --read_settings_files=on --write_settings_files=off PWM_da_conversion -c PWM_da_conversion
Warning (18236): Number of processors has not been specified which may cause overloading on shared machines.  Set the global assignment NUM_PARALLEL_PROCESSORS in your QSF to an appropriate value for best performance.
Info (20030): Parallel compilation is enabled and will use 10 of the 10 processors detected
Info (12021): Found 2 design units, including 1 entities, in source file ud_counter.vhd
    Info (12022): Found design unit 1: UD_counter-behavior File: C:/Users/maxgi/Dropbox (Politecnico Di Torino Studenti)/uni/magistrale/de/lab6/da_converter/UD_counter.vhd Line: 14
    Info (12023): Found entity 1: UD_counter File: C:/Users/maxgi/Dropbox (Politecnico Di Torino Studenti)/uni/magistrale/de/lab6/da_converter/UD_counter.vhd Line: 5
Info (12021): Found 2 design units, including 1 entities, in source file pwm_da_conversion.vhd
    Info (12022): Found design unit 1: PWM_da_conversion-behavior File: C:/Users/maxgi/Dropbox (Politecnico Di Torino Studenti)/uni/magistrale/de/lab6/da_converter/PWM_da_conversion.vhd Line: 16
    Info (12023): Found entity 1: PWM_da_conversion File: C:/Users/maxgi/Dropbox (Politecnico Di Torino Studenti)/uni/magistrale/de/lab6/da_converter/PWM_da_conversion.vhd Line: 5
Info (12127): Elaborating entity "PWM_da_conversion" for the top level hierarchy
Warning (10036): Verilog HDL or VHDL warning at PWM_da_conversion.vhd(29): object "ONE_VAL" assigned a value but never read File: C:/Users/maxgi/Dropbox (Politecnico Di Torino Studenti)/uni/magistrale/de/lab6/da_converter/PWM_da_conversion.vhd Line: 29
Info (12128): Elaborating entity "UD_counter" for hierarchy "UD_counter:D_CNT" File: C:/Users/maxgi/Dropbox (Politecnico Di Torino Studenti)/uni/magistrale/de/lab6/da_converter/PWM_da_conversion.vhd Line: 36
Warning (10492): VHDL Process Statement warning at UD_counter.vhd(20): signal "INIT_VAL" is read inside the Process Statement but isn't in the Process Statement's sensitivity list File: C:/Users/maxgi/Dropbox (Politecnico Di Torino Studenti)/uni/magistrale/de/lab6/da_converter/UD_counter.vhd Line: 20
Info (13000): Registers with preset signals will power-up high File: C:/Users/maxgi/Dropbox (Politecnico Di Torino Studenti)/uni/magistrale/de/lab6/da_converter/UD_counter.vhd Line: 19
Info (13003): DEV_CLRn pin will set, and not reset, register with preset signal due to NOT Gate Push-Back
Warning (13004): Presettable and clearable registers converted to equivalent circuits with latches. Registers power-up to an undefined state, and DEVCLRn places the registers in an undefined state.
    Warning (13310): Register "UD_counter:D_CNT|OVALUE[0]" is converted into an equivalent circuit using register "UD_counter:D_CNT|OVALUE[0]~_emulated" and latch "UD_counter:D_CNT|OVALUE[0]~1" File: C:/Users/maxgi/Dropbox (Politecnico Di Torino Studenti)/uni/magistrale/de/lab6/da_converter/UD_counter.vhd Line: 19
    Warning (13310): Register "UD_counter:D_CNT|OVALUE[1]" is converted into an equivalent circuit using register "UD_counter:D_CNT|OVALUE[1]~_emulated" and latch "UD_counter:D_CNT|OVALUE[1]~5" File: C:/Users/maxgi/Dropbox (Politecnico Di Torino Studenti)/uni/magistrale/de/lab6/da_converter/UD_counter.vhd Line: 19
    Warning (13310): Register "UD_counter:D_CNT|OVALUE[2]" is converted into an equivalent circuit using register "UD_counter:D_CNT|OVALUE[2]~_emulated" and latch "UD_counter:D_CNT|OVALUE[2]~9" File: C:/Users/maxgi/Dropbox (Politecnico Di Torino Studenti)/uni/magistrale/de/lab6/da_converter/UD_counter.vhd Line: 19
    Warning (13310): Register "UD_counter:D_CNT|OVALUE[3]" is converted into an equivalent circuit using register "UD_counter:D_CNT|OVALUE[3]~_emulated" and latch "UD_counter:D_CNT|OVALUE[3]~13" File: C:/Users/maxgi/Dropbox (Politecnico Di Torino Studenti)/uni/magistrale/de/lab6/da_converter/UD_counter.vhd Line: 19
    Warning (13310): Register "UD_counter:D_CNT|OVALUE[4]" is converted into an equivalent circuit using register "UD_counter:D_CNT|OVALUE[4]~_emulated" and latch "UD_counter:D_CNT|OVALUE[4]~17" File: C:/Users/maxgi/Dropbox (Politecnico Di Torino Studenti)/uni/magistrale/de/lab6/da_converter/UD_counter.vhd Line: 19
    Warning (13310): Register "UD_counter:D_CNT|OVALUE[5]" is converted into an equivalent circuit using register "UD_counter:D_CNT|OVALUE[5]~_emulated" and latch "UD_counter:D_CNT|OVALUE[5]~21" File: C:/Users/maxgi/Dropbox (Politecnico Di Torino Studenti)/uni/magistrale/de/lab6/da_converter/UD_counter.vhd Line: 19
    Warning (13310): Register "UD_counter:D_CNT|OVALUE[6]" is converted into an equivalent circuit using register "UD_counter:D_CNT|OVALUE[6]~_emulated" and latch "UD_counter:D_CNT|OVALUE[6]~25" File: C:/Users/maxgi/Dropbox (Politecnico Di Torino Studenti)/uni/magistrale/de/lab6/da_converter/UD_counter.vhd Line: 19
    Warning (13310): Register "UD_counter:D_CNT|OVALUE[7]" is converted into an equivalent circuit using register "UD_counter:D_CNT|OVALUE[7]~_emulated" and latch "UD_counter:D_CNT|OVALUE[7]~29" File: C:/Users/maxgi/Dropbox (Politecnico Di Torino Studenti)/uni/magistrale/de/lab6/da_converter/UD_counter.vhd Line: 19
Info (286030): Timing-Driven Synthesis is running
Info (16010): Generating hard_block partition "hard_block:auto_generated_inst"
    Info (16011): Adding 0 node(s), including 0 DDIO, 0 PLL, 0 transceiver and 0 LCELL
Info (21057): Implemented 91 device resources after synthesis - the final resource count might be different
    Info (21058): Implemented 10 input pins
    Info (21059): Implemented 20 output pins
    Info (21061): Implemented 61 logic cells
Info: Quartus Prime Analysis & Synthesis was successful. 0 errors, 12 warnings
    Info: Peak virtual memory: 4906 megabytes
    Info: Processing ended: Tue Jan 02 17:31:04 2024
    Info: Elapsed time: 00:00:09
    Info: Total CPU time (on all processors): 00:00:08


