Info: Starting: Create block symbol file (.bsf)
Info: qsys-generate C:\Users\maxgi\OneDrive\Desktop\da_converter\top_level\da_converter.qsys --block-symbol-file --output-directory=C:\Users\maxgi\OneDrive\Desktop\da_converter\top_level\da_converter --family="Cyclone V" --part=5CSEMA5F31C6
Progress: Loading top_level/da_converter.qsys
Progress: Reading input file
Progress: Adding HEX0 [altera_avalon_pio 16.1]
Progress: Parameterizing module HEX0
Progress: Adding LEDS [altera_avalon_pio 16.1]
Progress: Parameterizing module LEDS
Progress: Adding clk_0 [clock_source 16.1]
Progress: Parameterizing module clk_0
Progress: Adding jtag_uart_0 [altera_avalon_jtag_uart 16.1]
Progress: Parameterizing module jtag_uart_0
Progress: Adding new_sdram_controller_0 [altera_avalon_new_sdram_controller 16.1]
Progress: Parameterizing module new_sdram_controller_0
Progress: Adding nios2_qsys_0 [altera_nios2_qsys 16.1]
Progress: Parameterizing module nios2_qsys_0
Progress: Adding onchip_memory2_0 [altera_avalon_onchip_memory2 16.1]
Progress: Parameterizing module onchip_memory2_0
Progress: Adding timer_0 [altera_avalon_timer 16.1]
Progress: Parameterizing module timer_0
Progress: Building connections
Progress: Parameterizing connections
Progress: Validating
Progress: Done reading input file
Info: da_converter.jtag_uart_0: JTAG UART IP input clock need to be at least double (2x) the operating frequency of JTAG TCK on board
Info: da_converter.new_sdram_controller_0: SDRAM Controller will only be supported in Quartus Prime Standard Edition in the future release.
Warning: da_converter.nios2_qsys_0: Nios II Classic cores are no longer recommended for new projects
Info: qsys-generate succeeded.
Info: Finished: Create block symbol file (.bsf)
Info: 
Info: Starting: Create HDL design files for synthesis
Info: qsys-generate C:\Users\maxgi\OneDrive\Desktop\da_converter\top_level\da_converter.qsys --synthesis=VHDL --output-directory=C:\Users\maxgi\OneDrive\Desktop\da_converter\top_level\da_converter\synthesis --family="Cyclone V" --part=5CSEMA5F31C6
Progress: Loading top_level/da_converter.qsys
Progress: Reading input file
Progress: Adding HEX0 [altera_avalon_pio 16.1]
Progress: Parameterizing module HEX0
Progress: Adding LEDS [altera_avalon_pio 16.1]
Progress: Parameterizing module LEDS
Progress: Adding clk_0 [clock_source 16.1]
Progress: Parameterizing module clk_0
Progress: Adding jtag_uart_0 [altera_avalon_jtag_uart 16.1]
Progress: Parameterizing module jtag_uart_0
Progress: Adding new_sdram_controller_0 [altera_avalon_new_sdram_controller 16.1]
Progress: Parameterizing module new_sdram_controller_0
Progress: Adding nios2_qsys_0 [altera_nios2_qsys 16.1]
Progress: Parameterizing module nios2_qsys_0
Progress: Adding onchip_memory2_0 [altera_avalon_onchip_memory2 16.1]
Progress: Parameterizing module onchip_memory2_0
Progress: Adding timer_0 [altera_avalon_timer 16.1]
Progress: Parameterizing module timer_0
Progress: Building connections
Progress: Parameterizing connections
Progress: Validating
Progress: Done reading input file
Info: da_converter.jtag_uart_0: JTAG UART IP input clock need to be at least double (2x) the operating frequency of JTAG TCK on board
Info: da_converter.new_sdram_controller_0: SDRAM Controller will only be supported in Quartus Prime Standard Edition in the future release.
Warning: da_converter.nios2_qsys_0: Nios II Classic cores are no longer recommended for new projects
Info: da_converter: Generating da_converter "da_converter" for QUARTUS_SYNTH
Info: HEX0: Starting RTL generation for module 'da_converter_HEX0'
Info: HEX0:   Generation command is [exec C:/intelfpga_lite/16.1/quartus/bin64/perl/bin/perl.exe -I C:/intelfpga_lite/16.1/quartus/bin64/perl/lib -I C:/intelfpga_lite/16.1/quartus/sopc_builder/bin/europa -I C:/intelfpga_lite/16.1/quartus/sopc_builder/bin/perl_lib -I C:/intelfpga_lite/16.1/quartus/sopc_builder/bin -I C:/intelfpga_lite/16.1/quartus/../ip/altera/sopc_builder_ip/common -I C:/intelfpga_lite/16.1/quartus/../ip/altera/sopc_builder_ip/altera_avalon_pio -- C:/intelfpga_lite/16.1/quartus/../ip/altera/sopc_builder_ip/altera_avalon_pio/generate_rtl.pl --name=da_converter_HEX0 --dir=C:/Users/maxgi/AppData/Local/Temp/alt9735_2572579898198232404.dir/0001_HEX0_gen/ --quartus_dir=C:/intelfpga_lite/16.1/quartus --verilog --config=C:/Users/maxgi/AppData/Local/Temp/alt9735_2572579898198232404.dir/0001_HEX0_gen//da_converter_HEX0_component_configuration.pl  --do_build_sim=0  ]
Info: HEX0: Done RTL generation for module 'da_converter_HEX0'
Info: HEX0: "da_converter" instantiated altera_avalon_pio "HEX0"
Info: LEDS: Starting RTL generation for module 'da_converter_LEDS'
Info: LEDS:   Generation command is [exec C:/intelfpga_lite/16.1/quartus/bin64/perl/bin/perl.exe -I C:/intelfpga_lite/16.1/quartus/bin64/perl/lib -I C:/intelfpga_lite/16.1/quartus/sopc_builder/bin/europa -I C:/intelfpga_lite/16.1/quartus/sopc_builder/bin/perl_lib -I C:/intelfpga_lite/16.1/quartus/sopc_builder/bin -I C:/intelfpga_lite/16.1/quartus/../ip/altera/sopc_builder_ip/common -I C:/intelfpga_lite/16.1/quartus/../ip/altera/sopc_builder_ip/altera_avalon_pio -- C:/intelfpga_lite/16.1/quartus/../ip/altera/sopc_builder_ip/altera_avalon_pio/generate_rtl.pl --name=da_converter_LEDS --dir=C:/Users/maxgi/AppData/Local/Temp/alt9735_2572579898198232404.dir/0002_LEDS_gen/ --quartus_dir=C:/intelfpga_lite/16.1/quartus --verilog --config=C:/Users/maxgi/AppData/Local/Temp/alt9735_2572579898198232404.dir/0002_LEDS_gen//da_converter_LEDS_component_configuration.pl  --do_build_sim=0  ]
Info: LEDS: Done RTL generation for module 'da_converter_LEDS'
Info: LEDS: "da_converter" instantiated altera_avalon_pio "LEDS"
Info: jtag_uart_0: Starting RTL generation for module 'da_converter_jtag_uart_0'
Info: jtag_uart_0:   Generation command is [exec C:/intelfpga_lite/16.1/quartus/bin64/perl/bin/perl.exe -I C:/intelfpga_lite/16.1/quartus/bin64/perl/lib -I C:/intelfpga_lite/16.1/quartus/sopc_builder/bin/europa -I C:/intelfpga_lite/16.1/quartus/sopc_builder/bin/perl_lib -I C:/intelfpga_lite/16.1/quartus/sopc_builder/bin -I C:/intelfpga_lite/16.1/quartus/../ip/altera/sopc_builder_ip/common -I C:/intelfpga_lite/16.1/quartus/../ip/altera/sopc_builder_ip/altera_avalon_jtag_uart -- C:/intelfpga_lite/16.1/quartus/../ip/altera/sopc_builder_ip/altera_avalon_jtag_uart/generate_rtl.pl --name=da_converter_jtag_uart_0 --dir=C:/Users/maxgi/AppData/Local/Temp/alt9735_2572579898198232404.dir/0003_jtag_uart_0_gen/ --quartus_dir=C:/intelfpga_lite/16.1/quartus --verilog --config=C:/Users/maxgi/AppData/Local/Temp/alt9735_2572579898198232404.dir/0003_jtag_uart_0_gen//da_converter_jtag_uart_0_component_configuration.pl  --do_build_sim=0  ]
Info: jtag_uart_0: Done RTL generation for module 'da_converter_jtag_uart_0'
Info: jtag_uart_0: "da_converter" instantiated altera_avalon_jtag_uart "jtag_uart_0"
Info: new_sdram_controller_0: Starting RTL generation for module 'da_converter_new_sdram_controller_0'
Info: new_sdram_controller_0:   Generation command is [exec C:/intelfpga_lite/16.1/quartus/bin64/perl/bin/perl.exe -I C:/intelfpga_lite/16.1/quartus/bin64/perl/lib -I C:/intelfpga_lite/16.1/quartus/sopc_builder/bin/europa -I C:/intelfpga_lite/16.1/quartus/sopc_builder/bin/perl_lib -I C:/intelfpga_lite/16.1/quartus/sopc_builder/bin -I C:/intelfpga_lite/16.1/quartus/../ip/altera/sopc_builder_ip/common -I C:/intelfpga_lite/16.1/quartus/../ip/altera/sopc_builder_ip/altera_avalon_new_sdram_controller -- C:/intelfpga_lite/16.1/quartus/../ip/altera/sopc_builder_ip/altera_avalon_new_sdram_controller/generate_rtl.pl --name=da_converter_new_sdram_controller_0 --dir=C:/Users/maxgi/AppData/Local/Temp/alt9735_2572579898198232404.dir/0004_new_sdram_controller_0_gen/ --quartus_dir=C:/intelfpga_lite/16.1/quartus --verilog --config=C:/Users/maxgi/AppData/Local/Temp/alt9735_2572579898198232404.dir/0004_new_sdram_controller_0_gen//da_converter_new_sdram_controller_0_component_configuration.pl  --do_build_sim=0  ]
Info: new_sdram_controller_0: Done RTL generation for module 'da_converter_new_sdram_controller_0'
Info: new_sdram_controller_0: "da_converter" instantiated altera_avalon_new_sdram_controller "new_sdram_controller_0"
Info: nios2_qsys_0: Starting RTL generation for module 'da_converter_nios2_qsys_0'
Info: nios2_qsys_0:   Generation command is [exec C:/intelfpga_lite/16.1/quartus/bin64/eperlcmd.exe -I C:/intelfpga_lite/16.1/quartus/bin64/perl/lib -I C:/intelfpga_lite/16.1/quartus/sopc_builder/bin/europa -I C:/intelfpga_lite/16.1/quartus/sopc_builder/bin/perl_lib -I C:/intelfpga_lite/16.1/quartus/sopc_builder/bin -I C:/intelfpga_lite/16.1/quartus/../ip/altera/nios2_ip/altera_nios2/cpu_lib -I C:/intelfpga_lite/16.1/quartus/../ip/altera/nios2_ip/altera_nios2/nios_lib -I C:/intelfpga_lite/16.1/quartus/../ip/altera/nios2_ip/altera_nios2 -I C:/intelfpga_lite/16.1/quartus/../ip/altera/nios2_ip/altera_nios2 -- C:/intelfpga_lite/16.1/quartus/../ip/altera/nios2_ip/altera_nios2/generate_rtl.epl --name=da_converter_nios2_qsys_0 --dir=C:/Users/maxgi/AppData/Local/Temp/alt9735_2572579898198232404.dir/0005_nios2_qsys_0_gen/ --quartus_bindir=C:/intelfpga_lite/16.1/quartus/bin64 --verilog --config=C:/Users/maxgi/AppData/Local/Temp/alt9735_2572579898198232404.dir/0005_nios2_qsys_0_gen//da_converter_nios2_qsys_0_processor_configuration.pl  --do_build_sim=0  ]
Info: nios2_qsys_0: # 2024.01.13 15:08:03 (*) Starting Nios II generation
Info: nios2_qsys_0: # 2024.01.13 15:08:03 (*)   Checking for plaintext license.
Info: nios2_qsys_0: # 2024.01.13 15:08:06 (*)   Couldn't query license setup in Quartus directory C:/intelfpga_lite/16.1/quartus/bin64
Info: nios2_qsys_0: # 2024.01.13 15:08:06 (*)   Defaulting to contents of LM_LICENSE_FILE environment variable
Info: nios2_qsys_0: # 2024.01.13 15:08:06 (*)   LM_LICENSE_FILE environment variable is empty
Info: nios2_qsys_0: # 2024.01.13 15:08:06 (*)   Plaintext license not found.
Info: nios2_qsys_0: # 2024.01.13 15:08:06 (*)   No license required to generate encrypted Nios II/e.
Info: nios2_qsys_0: # 2024.01.13 15:08:06 (*)   Elaborating CPU configuration settings
Info: nios2_qsys_0: # 2024.01.13 15:08:06 (*)   Creating all objects for CPU
Info: nios2_qsys_0: # 2024.01.13 15:08:07 (*)   Generating RTL from CPU objects
Info: nios2_qsys_0: # 2024.01.13 15:08:07 (*)   Creating plain-text RTL
Info: nios2_qsys_0: # 2024.01.13 15:08:07 (*) Done Nios II generation
Info: nios2_qsys_0: Done RTL generation for module 'da_converter_nios2_qsys_0'
Info: nios2_qsys_0: "da_converter" instantiated altera_nios2_qsys "nios2_qsys_0"
Info: onchip_memory2_0: Starting RTL generation for module 'da_converter_onchip_memory2_0'
Info: onchip_memory2_0:   Generation command is [exec C:/intelfpga_lite/16.1/quartus/bin64/perl/bin/perl.exe -I C:/intelfpga_lite/16.1/quartus/bin64/perl/lib -I C:/intelfpga_lite/16.1/quartus/sopc_builder/bin/europa -I C:/intelfpga_lite/16.1/quartus/sopc_builder/bin/perl_lib -I C:/intelfpga_lite/16.1/quartus/sopc_builder/bin -I C:/intelfpga_lite/16.1/quartus/../ip/altera/sopc_builder_ip/common -I C:/intelfpga_lite/16.1/quartus/../ip/altera/sopc_builder_ip/altera_avalon_onchip_memory2 -- C:/intelfpga_lite/16.1/quartus/../ip/altera/sopc_builder_ip/altera_avalon_onchip_memory2/generate_rtl.pl --name=da_converter_onchip_memory2_0 --dir=C:/Users/maxgi/AppData/Local/Temp/alt9735_2572579898198232404.dir/0006_onchip_memory2_0_gen/ --quartus_dir=C:/intelfpga_lite/16.1/quartus --verilog --config=C:/Users/maxgi/AppData/Local/Temp/alt9735_2572579898198232404.dir/0006_onchip_memory2_0_gen//da_converter_onchip_memory2_0_component_configuration.pl  --do_build_sim=0  ]
Info: onchip_memory2_0: Done RTL generation for module 'da_converter_onchip_memory2_0'
Info: onchip_memory2_0: "da_converter" instantiated altera_avalon_onchip_memory2 "onchip_memory2_0"
Info: timer_0: Starting RTL generation for module 'da_converter_timer_0'
Info: timer_0:   Generation command is [exec C:/intelFPGA_lite/16.1/quartus/bin64//perl/bin/perl.exe -I C:/intelFPGA_lite/16.1/quartus/bin64//perl/lib -I C:/intelfpga_lite/16.1/quartus/sopc_builder/bin/europa -I C:/intelfpga_lite/16.1/quartus/sopc_builder/bin/perl_lib -I C:/intelfpga_lite/16.1/quartus/sopc_builder/bin -I C:/intelfpga_lite/16.1/quartus/../ip/altera/sopc_builder_ip/common -I C:/intelfpga_lite/16.1/quartus/../ip/altera/sopc_builder_ip/altera_avalon_timer -- C:/intelfpga_lite/16.1/quartus/../ip/altera/sopc_builder_ip/altera_avalon_timer/generate_rtl.pl --name=da_converter_timer_0 --dir=C:/Users/maxgi/AppData/Local/Temp/alt9735_2572579898198232404.dir/0007_timer_0_gen/ --quartus_dir=C:/intelfpga_lite/16.1/quartus --verilog --config=C:/Users/maxgi/AppData/Local/Temp/alt9735_2572579898198232404.dir/0007_timer_0_gen//da_converter_timer_0_component_configuration.pl  --do_build_sim=0  ]
Info: timer_0: Done RTL generation for module 'da_converter_timer_0'
Info: timer_0: "da_converter" instantiated altera_avalon_timer "timer_0"
Info: avalon_st_adapter: Inserting error_adapter: error_adapter_0
Info: avalon_st_adapter_001: Inserting error_adapter: error_adapter_0
Info: avalon_st_adapter_002: Inserting error_adapter: error_adapter_0
Info: avalon_st_adapter_003: Inserting error_adapter: error_adapter_0
Info: avalon_st_adapter_004: Inserting error_adapter: error_adapter_0
Info: avalon_st_adapter_005: Inserting error_adapter: error_adapter_0
Info: avalon_st_adapter_006: Inserting error_adapter: error_adapter_0
Info: mm_interconnect_0: "da_converter" instantiated altera_mm_interconnect "mm_interconnect_0"
Info: irq_mapper: "da_converter" instantiated altera_irq_mapper "irq_mapper"
Info: rst_controller: "da_converter" instantiated altera_reset_controller "rst_controller"
Info: nios2_qsys_0_data_master_translator: "mm_interconnect_0" instantiated altera_merlin_master_translator "nios2_qsys_0_data_master_translator"
Info: jtag_uart_0_avalon_jtag_slave_translator: "mm_interconnect_0" instantiated altera_merlin_slave_translator "jtag_uart_0_avalon_jtag_slave_translator"
Info: nios2_qsys_0_data_master_agent: "mm_interconnect_0" instantiated altera_merlin_master_agent "nios2_qsys_0_data_master_agent"
Info: jtag_uart_0_avalon_jtag_slave_agent: "mm_interconnect_0" instantiated altera_merlin_slave_agent "jtag_uart_0_avalon_jtag_slave_agent"
Info: jtag_uart_0_avalon_jtag_slave_agent_rsp_fifo: "mm_interconnect_0" instantiated altera_avalon_sc_fifo "jtag_uart_0_avalon_jtag_slave_agent_rsp_fifo"
Info: router: "mm_interconnect_0" instantiated altera_merlin_router "router"
Info: router_001: "mm_interconnect_0" instantiated altera_merlin_router "router_001"
Info: router_002: "mm_interconnect_0" instantiated altera_merlin_router "router_002"
Info: router_003: "mm_interconnect_0" instantiated altera_merlin_router "router_003"
Info: cmd_demux: "mm_interconnect_0" instantiated altera_merlin_demultiplexer "cmd_demux"
Info: cmd_demux_001: "mm_interconnect_0" instantiated altera_merlin_demultiplexer "cmd_demux_001"
Info: cmd_mux: "mm_interconnect_0" instantiated altera_merlin_multiplexer "cmd_mux"
Info: cmd_mux_001: "mm_interconnect_0" instantiated altera_merlin_multiplexer "cmd_mux_001"
Info: Reusing file C:/Users/maxgi/OneDrive/Desktop/da_converter/top_level/da_converter/synthesis/submodules/altera_merlin_arbitrator.sv
Info: rsp_demux: "mm_interconnect_0" instantiated altera_merlin_demultiplexer "rsp_demux"
Info: rsp_demux_001: "mm_interconnect_0" instantiated altera_merlin_demultiplexer "rsp_demux_001"
Info: rsp_mux: "mm_interconnect_0" instantiated altera_merlin_multiplexer "rsp_mux"
Info: Reusing file C:/Users/maxgi/OneDrive/Desktop/da_converter/top_level/da_converter/synthesis/submodules/altera_merlin_arbitrator.sv
Info: rsp_mux_001: "mm_interconnect_0" instantiated altera_merlin_multiplexer "rsp_mux_001"
Info: Reusing file C:/Users/maxgi/OneDrive/Desktop/da_converter/top_level/da_converter/synthesis/submodules/altera_merlin_arbitrator.sv
Info: avalon_st_adapter: "mm_interconnect_0" instantiated altera_avalon_st_adapter "avalon_st_adapter"
Info: error_adapter_0: "avalon_st_adapter" instantiated error_adapter "error_adapter_0"
Info: da_converter: Done "da_converter" with 30 modules, 44 files
Info: qsys-generate succeeded.
Info: Finished: Create HDL design files for synthesis
